MongoDB shell version v5.0.4
connecting to: mongodb://127.0.0.1:27017/?compressors=disabled&gssapiServiceName=mongodb
Implicit session: session { "id" : UUID("74b0587e-c680-489f-be61-a03fd6684022") }
MongoDB server version: 5.0.4
================
Warning: the "mongo" shell has been superseded by "mongosh",
which delivers improved usability and compatibility.The "mongo" shell has been deprecated and will be removed in
an upcoming release.
For installation instructions, see
https://docs.mongodb.com/mongodb-shell/install/
================
---
The server generated these startup warnings when booting:
        2021-11-30T17:49:00.222-08:00: Access control is not enabled for the database. Read and write access to data and configuration is unrestricted
        2021-11-30T17:49:00.222-08:00: This server is bound to localhost. Remote systems will be unable to connect to this server. Start the server with --bind_ip <address> to specify which IP addresses it should serve responses from, or with --bind_ip_all to bind to all interfaces. If this behavior is desired, start the server with --bind_ip 127.0.0.1 to disable this warning
---
---
Free Monitoring URL:
https://cloud.mongodb.com/freemonitoring/cluster/KS4K62OJ5MFHITGDIFWKEFJXK7HDHHTT
---
> mongoexport --collection=movies mongodb://127.0.0.1:27017 --out=movies.json
...
...
> mongoexport --collection=movies mongodb://127.0.0.1:27017 --out=movies.json
...
...
> show dbs
admin   0.000GB
config  0.000GB
local   0.000GB
tweets  0.000GB
webdev  0.000GB
> mongoexport --collection=webdev mongodb://127.0.0.1:27017 --out=movies.json
...
...
> --help
NaN
> -help
NaN
> mongoexport -help
uncaught exception: ReferenceError: mongoexport is not defined :
@(shell):1:1
> db.webdev.find()
> db.movies.find()
> db.movies.find();
> db.movies.insert({title: 'Aliens', rating: 4.5})
WriteResult({ "nInserted" : 1 })
> db.movies.find();
{ "_id" : ObjectId("61a6d5e6b2fb22d5e55a73e6"), "title" : "Aliens", "rating" : 4.5 }
> db.movies.deleteOne({title: 'Avatar'})
{ "acknowledged" : true, "deletedCount" : 0 }
> db.movies.insert({title: 'Terminator', rating: 4.8})}
WriteResult({ "nInserted" : 1 })
> db.movies.insert({title: 'Avatar', rating: 4.7})}
WriteResult({ "nInserted" : 1 })
> db.movies.insert({title: 'Dune', rating: 4.9})
WriteResult({ "nInserted" : 1 })
> db.movies.find()
{ "_id" : ObjectId("61a6d5e6b2fb22d5e55a73e6"), "title" : "Aliens", "rating" : 4.5 }
{ "_id" : ObjectId("61a6d66eb2fb22d5e55a73e7"), "title" : "Terminator", "rating" : 4.8 }
{ "_id" : ObjectId("61a6d68db2fb22d5e55a73e8"), "title" : "Avatar", "rating" : 4.7 }
{ "_id" : ObjectId("61a6d6a0b2fb22d5e55a73e9"), "title" : "Dune", "rating" : 4.9 }
> db.movies.deleteOne({title: 'Aliens'})
{ "acknowledged" : true, "deletedCount" : 1 }
> db.movies.find()
{ "_id" : ObjectId("61a6d66eb2fb22d5e55a73e7"), "title" : "Terminator", "rating" : 4.8 }
{ "_id" : ObjectId("61a6d68db2fb22d5e55a73e8"), "title" : "Avatar", "rating" : 4.7 }
{ "_id" : ObjectId("61a6d6a0b2fb22d5e55a73e9"), "title" : "Dune", "rating" : 4.9 }
> mongoexport --collection=movies mongodb://127.0.0.1:27017 --out=movies.json
...
...
> mongoexport --collection=movies mongodb://127.0.0.1:27017 --out=movies.json
...
...
> mongoexport -help
uncaught exception: ReferenceError: mongoexport is not defined :
@(shell):1:1
> cd ..
...
...
> pwd
[native code]
> show dbs
admin   0.000GB
config  0.000GB
local   0.000GB
test    0.000GB
tweets  0.000GB
webdev  0.000GB
> use webdev
switched to db webdev
> db.tweets.insert({
...     "topic": "Web Development",
...     "userName": "ReactJS",
...     "verified": false,
...     "handle": "ReactJS",
...     "time": "2h",
...     "title": "React.js is a component based front end library that makes it very easy to build Single Page Applications or SPAs",
...     "tweet": "Lorem ipsum dolor sit amet, consectetur adipiscing elit, sed do eiusmod tempor incididunt ut labore et dolore magna aliqua. Ut enim ad minim veniam, quis nostrud exercitation ullamco laboris nisi ut aliquip ex ea commodo consequat. Duis aute irure dolor in reprehenderit in voluptate velit esse cillum dolore eu fugiat nulla pariatur.",
...     "attachments": {
...       "video": "unKvMC3Y1kI"
...     },
...     "logo-image": "../../../images/react-blue.png",
...     "avatar-image": "../../../images/react-blue.png",
...     "stats": {
...       "comments": 123,
...       "retweets": 234,
...       "likes": 345
...     });
...
...
>
> db.tweets.find();
> db.tweets.insert({"topic":"Web","userName":"ReactJS"})
WriteResult({ "nInserted" : 1 })
> db.tweets.find();
{ "_id" : ObjectId("61a6d8f9b2fb22d5e55a73ea"), "topic" : "Web", "userName" : "ReactJS" }
>